
🧋 Boba Briefing starting for 2026-03-06...

[1/4] Fetching RSS feeds...
      Found 10 relevant stories
[2/4] Generating digest...
[3/4] Generating podcast audio...
[ok] Audio saved to /home/zhuber/.openclaw/workspace/boba-briefing/audio/2026-03-06.mp3
[4/4] Sending email...
[ok] Email sent to clawzzz2026@gmail.com
[5/5] Pushing to GitHub...
[ok] Note saved: /home/zhuber/.openclaw/workspace/boba-briefing/notes/2026-03-06.md
[ok] git -C /home/zhuber/.openclaw/workspace/boba-briefing add .
[ok] git -C /home/zhuber/.openclaw/workspace/boba-briefing commit -m 📰 Boba Briefing 2026-03-06
[ok] git -C /home/zhuber/.openclaw/workspace/boba-briefing push

✅ Boba Briefing complete!


🧋 Boba Briefing starting for 2026-03-07...

[1/4] Fetching RSS feeds...
      Found 10 relevant stories
[2/4] Generating digest...
[3/4] Generating podcast audio...
[ok] Audio saved to /home/zhuber/.openclaw/workspace/boba-briefing/audio/2026-03-07.mp3
[4/4] Sending email...
[ok] Email sent to clawzzz2026@gmail.com
[5/5] Pushing to GitHub...
[ok] Note saved: /home/zhuber/.openclaw/workspace/boba-briefing/notes/2026-03-07.md
[ok] git -C /home/zhuber/.openclaw/workspace/boba-briefing add .
[ok] git -C /home/zhuber/.openclaw/workspace/boba-briefing commit -m 📰 Boba Briefing 2026-03-07
[ok] git -C /home/zhuber/.openclaw/workspace/boba-briefing push

✅ Boba Briefing complete!


🧋 Boba Briefing starting for 2026-03-08...

[1/4] Fetching RSS feeds...
      Found 10 relevant stories
[2/4] Generating digest...
[3/4] Generating podcast audio...
[ok] Audio saved to /home/zhuber/.openclaw/workspace/boba-briefing/audio/2026-03-08.mp3
[4/4] Sending email...
[ok] Email sent to clawzzz2026@gmail.com
[5/5] Pushing to GitHub...
[ok] Note saved: /home/zhuber/.openclaw/workspace/boba-briefing/notes/2026-03-08.md
[ok] git -C /home/zhuber/.openclaw/workspace/boba-briefing add .
[ok] git -C /home/zhuber/.openclaw/workspace/boba-briefing commit -m 📰 Boba Briefing 2026-03-08
[ok] git -C /home/zhuber/.openclaw/workspace/boba-briefing push

✅ Boba Briefing complete!


🧋 Boba Briefing starting for 2026-03-09...

[1/4] Fetching RSS feeds...
      Found 10 relevant stories
[2/4] Generating digest...
[3/4] Generating podcast audio...
[ok] Audio saved to /home/zhuber/.openclaw/workspace/boba-briefing/audio/2026-03-09.mp3
[4/4] Sending email...
[ok] Email sent to clawzzz2026@gmail.com
[5/5] Pushing to GitHub...
[ok] Note saved: /home/zhuber/.openclaw/workspace/boba-briefing/notes/2026-03-09.md
[ok] git -C /home/zhuber/.openclaw/workspace/boba-briefing add .
[ok] git -C /home/zhuber/.openclaw/workspace/boba-briefing commit -m 📰 Boba Briefing 2026-03-09
[ok] git -C /home/zhuber/.openclaw/workspace/boba-briefing push

✅ Boba Briefing complete!


🧋 Boba Briefing starting for 2026-03-10...

[1/4] Fetching RSS feeds...
      Found 10 relevant stories
[2/4] Generating digest...
[3/4] Generating podcast audio...
[warn] ElevenLabs error 401: {"detail":{"status":"quota_exceeded","message":"This request exceeds your quota of 10000. You have 1551 credits remaining, while 1888 credits are required for this request."}}
[4/4] Sending email...
[ok] Email sent to clawzzz2026@gmail.com
[5/5] Pushing to GitHub...
[ok] Note saved: /home/zhuber/.openclaw/workspace/boba-briefing/notes/2026-03-10.md
[ok] git -C /home/zhuber/.openclaw/workspace/boba-briefing add .
[ok] git -C /home/zhuber/.openclaw/workspace/boba-briefing commit -m 📰 Boba Briefing 2026-03-10
[ok] git -C /home/zhuber/.openclaw/workspace/boba-briefing push

✅ Boba Briefing complete!


🧋 Boba Briefing starting for 2026-03-11...

[1/4] Fetching RSS feeds...
      Found 10 relevant stories
[2/4] Generating digest...
[3/4] Generating podcast audio...
[warn] ElevenLabs error 401: {"detail":{"status":"quota_exceeded","message":"This request exceeds your quota of 10000. You have 1551 credits remaining, while 1669 credits are required for this request."}}
[4/4] Sending email...
[ok] Email sent to clawzzz2026@gmail.com
[5/5] Pushing to GitHub...
[ok] Note saved: /home/zhuber/.openclaw/workspace/boba-briefing/notes/2026-03-11.md
[ok] git -C /home/zhuber/.openclaw/workspace/boba-briefing add .
[ok] git -C /home/zhuber/.openclaw/workspace/boba-briefing commit -m 📰 Boba Briefing 2026-03-11
[ok] git -C /home/zhuber/.openclaw/workspace/boba-briefing push

✅ Boba Briefing complete!


🧋 Boba Briefing starting for 2026-03-12...

[1/4] Fetching RSS feeds...
      Found 10 relevant stories
[2/4] Generating digest...
[3/4] Generating podcast audio...
[warn] ElevenLabs error 401: {"detail":{"status":"quota_exceeded","message":"This request exceeds your quota of 10000. You have 1551 credits remaining, while 1934 credits are required for this request."}}
[4/4] Sending email...
[ok] Email sent to clawzzz2026@gmail.com
[5/5] Pushing to GitHub...
[ok] Note saved: /home/zhuber/.openclaw/workspace/boba-briefing/notes/2026-03-12.md
[ok] git -C /home/zhuber/.openclaw/workspace/boba-briefing add .
[ok] git -C /home/zhuber/.openclaw/workspace/boba-briefing commit -m 📰 Boba Briefing 2026-03-12
[ok] git -C /home/zhuber/.openclaw/workspace/boba-briefing push

✅ Boba Briefing complete!


🧋 Boba Briefing starting for 2026-03-13...

[1/4] Fetching RSS feeds...
      Found 10 relevant stories
[2/4] Generating digest...
[3/4] Generating podcast audio...
[warn] ElevenLabs error 402: {"detail":{"type":"payment_required","code":"paid_plan_required","message":"Free users cannot use library voices via the API. Please upgrade your subscription to use this voice.","status":"payment_req
[4/4] Sending email...
[ok] Email sent to clawzzz2026@gmail.com
[5/5] Pushing to GitHub...
[ok] Note saved: /home/zhuber/.openclaw/workspace/boba-briefing/notes/2026-03-13.md
[ok] git -C /home/zhuber/.openclaw/workspace/boba-briefing add .
[ok] git -C /home/zhuber/.openclaw/workspace/boba-briefing commit -m 📰 Boba Briefing 2026-03-13
[ok] git -C /home/zhuber/.openclaw/workspace/boba-briefing push

✅ Boba Briefing complete!


🧋 Boba Briefing starting for 2026-03-14...

[1/4] Fetching RSS feeds...
      Found 10 relevant stories
[2/4] Generating digest...
[3/4] Generating podcast audio...
[warn] ElevenLabs error 402: {"detail":{"type":"payment_required","code":"paid_plan_required","message":"Free users cannot use library voices via the API. Please upgrade your subscription to use this voice.","status":"payment_req
[4/4] Sending email...
[ok] Email sent to clawzzz2026@gmail.com
[5/5] Pushing to GitHub...
[ok] Note saved: /home/zhuber/.openclaw/workspace/boba-briefing/notes/2026-03-14.md
[ok] git -C /home/zhuber/.openclaw/workspace/boba-briefing add .
[ok] git -C /home/zhuber/.openclaw/workspace/boba-briefing commit -m 📰 Boba Briefing 2026-03-14
[ok] git -C /home/zhuber/.openclaw/workspace/boba-briefing push

✅ Boba Briefing complete!


🧋 Boba Briefing starting for 2026-03-15...

[1/4] Fetching RSS feeds...
      Found 10 relevant stories
[2/4] Generating digest...
[3/4] Generating podcast audio...
[warn] ElevenLabs error 402: {"detail":{"type":"payment_required","code":"paid_plan_required","message":"Free users cannot use library voices via the API. Please upgrade your subscription to use this voice.","status":"payment_req
[4/4] Sending email...
[ok] Email sent to clawzzz2026@gmail.com
[5/5] Pushing to GitHub...
[ok] Note saved: /home/zhuber/.openclaw/workspace/boba-briefing/notes/2026-03-15.md
[ok] git -C /home/zhuber/.openclaw/workspace/boba-briefing add .
[ok] git -C /home/zhuber/.openclaw/workspace/boba-briefing commit -m 📰 Boba Briefing 2026-03-15
[ok] git -C /home/zhuber/.openclaw/workspace/boba-briefing push

✅ Boba Briefing complete!


🧋 Boba Briefing starting for 2026-03-16...

[1/4] Fetching RSS feeds...
      Found 10 relevant stories
[2/4] Generating digest...
[3/4] Generating podcast audio...
[warn] ElevenLabs error 402: {"detail":{"type":"payment_required","code":"paid_plan_required","message":"Free users cannot use library voices via the API. Please upgrade your subscription to use this voice.","status":"payment_req
[4/4] Sending email...
[ok] Email sent to clawzzz2026@gmail.com
[5/5] Pushing to GitHub...
[ok] Note saved: /home/zhuber/.openclaw/workspace/boba-briefing/notes/2026-03-16.md
[ok] git -C /home/zhuber/.openclaw/workspace/boba-briefing add .
[ok] git -C /home/zhuber/.openclaw/workspace/boba-briefing commit -m 📰 Boba Briefing 2026-03-16
[ok] git -C /home/zhuber/.openclaw/workspace/boba-briefing push

✅ Boba Briefing complete!

